2026-06-25 11:34:25,302 INFO Starting US state-year panel build (2014-2023)
2026-06-25 11:34:25,302 INFO === Fetching ACS 1-year labor force data (B23001) ===
2026-06-25 11:34:25,302 INFO   ACS year 2014
2026-06-25 11:34:25,303 INFO GET https://api.census.gov/data/2014/acs/acs1  vars=39  geo=state:*  filters=None
2026-06-25 11:34:26,706 INFO GET https://api.census.gov/data/2014/acs/acs1  vars=39  geo=state:*  filters=None
2026-06-25 11:34:28,071 INFO     → 51 state rows
2026-06-25 11:34:28,072 INFO   ACS year 2015
2026-06-25 11:34:28,072 INFO GET https://api.census.gov/data/2015/acs/acs1  vars=39  geo=state:*  filters=None
2026-06-25 11:34:29,509 INFO GET https://api.census.gov/data/2015/acs/acs1  vars=39  geo=state:*  filters=None
2026-06-25 11:34:31,041 INFO     → 51 state rows
2026-06-25 11:34:31,041 INFO   ACS year 2016
2026-06-25 11:34:31,041 INFO GET https://api.census.gov/data/2016/acs/acs1  vars=39  geo=state:*  filters=None
2026-06-25 11:34:32,519 INFO GET https://api.census.gov/data/2016/acs/acs1  vars=39  geo=state:*  filters=None
2026-06-25 11:34:33,893 INFO     → 51 state rows
2026-06-25 11:34:33,893 INFO   ACS year 2017
2026-06-25 11:34:33,893 INFO GET https://api.census.gov/data/2017/acs/acs1  vars=39  geo=state:*  filters=None
2026-06-25 11:34:35,352 INFO GET https://api.census.gov/data/2017/acs/acs1  vars=39  geo=state:*  filters=None
2026-06-25 11:34:36,816 INFO     → 51 state rows
2026-06-25 11:34:36,816 INFO   ACS year 2018
2026-06-25 11:34:36,816 INFO GET https://api.census.gov/data/2018/acs/acs1  vars=39  geo=state:*  filters=None
2026-06-25 11:34:38,222 INFO GET https://api.census.gov/data/2018/acs/acs1  vars=39  geo=state:*  filters=None
2026-06-25 11:34:39,662 INFO     → 51 state rows
2026-06-25 11:34:39,662 INFO   ACS year 2019
2026-06-25 11:34:39,662 INFO GET https://api.census.gov/data/2019/acs/acs1  vars=39  geo=state:*  filters=None
2026-06-25 11:34:41,079 INFO GET https://api.census.gov/data/2019/acs/acs1  vars=39  geo=state:*  filters=None
2026-06-25 11:34:42,480 INFO     → 51 state rows
2026-06-25 11:34:42,480 INFO   ACS year 2020
2026-06-25 11:34:42,480 INFO GET https://api.census.gov/data/2020/acs/acs1  vars=39  geo=state:*  filters=None
2026-06-25 11:34:43,086 WARNING ACS 2020: HTTP 404 — skipping
2026-06-25 11:34:43,086 INFO     → skipped/unavailable
2026-06-25 11:34:43,087 INFO   ACS year 2021
2026-06-25 11:34:43,087 INFO GET https://api.census.gov/data/2021/acs/acs1  vars=39  geo=state:*  filters=None
2026-06-25 11:34:44,571 INFO GET https://api.census.gov/data/2021/acs/acs1  vars=39  geo=state:*  filters=None
2026-06-25 11:34:46,063 INFO     → 51 state rows
2026-06-25 11:34:46,063 INFO   ACS year 2022
2026-06-25 11:34:46,063 INFO GET https://api.census.gov/data/2022/acs/acs1  vars=39  geo=state:*  filters=None
2026-06-25 11:34:47,570 INFO GET https://api.census.gov/data/2022/acs/acs1  vars=39  geo=state:*  filters=None
2026-06-25 11:34:49,002 INFO     → 51 state rows
2026-06-25 11:34:49,002 INFO   ACS year 2023
2026-06-25 11:34:49,002 INFO GET https://api.census.gov/data/2023/acs/acs1  vars=39  geo=state:*  filters=None
2026-06-25 11:34:50,509 INFO GET https://api.census.gov/data/2023/acs/acs1  vars=39  geo=state:*  filters=None
2026-06-25 11:34:51,985 INFO     → 51 state rows
2026-06-25 11:34:51,985 INFO === Fetching ASE business ownership data (NAICS 54 / PSTS, 2014-2016) ===
2026-06-25 11:34:51,985 INFO   ASE year 2014
2026-06-25 11:34:51,985 INFO GET https://api.census.gov/data/2014/ase/csa  vars=3  geo=state:*  filters={'NAICS2012': '54'}
2026-06-25 11:34:53,151 INFO     → 51 state rows
2026-06-25 11:34:53,151 INFO   ASE year 2015
2026-06-25 11:34:53,151 INFO GET https://api.census.gov/data/2015/ase/csa  vars=3  geo=state:*  filters={'NAICS2012': '54'}
2026-06-25 11:34:54,451 INFO     → 51 state rows
2026-06-25 11:34:54,451 INFO   ASE year 2016
2026-06-25 11:34:54,451 INFO GET https://api.census.gov/data/2016/ase/csa  vars=3  geo=state:*  filters={'NAICS2012': '54'}
2026-06-25 11:34:55,711 INFO     → 51 state rows
2026-06-25 11:34:55,711 INFO === Fetching ABS business ownership data (NAICS 54 / PSTS, 2017-2023) ===
2026-06-25 11:34:55,711 INFO   ABS year 2017
2026-06-25 11:34:55,711 INFO GET https://api.census.gov/data/2017/abscs  vars=3  geo=state:*  filters={'NAICS2017': '54'}
2026-06-25 11:34:56,909 INFO ABS 2017: 1 suppressed PSTS cell(s) (FIRMPDEMP_F set) → NaN
2026-06-25 11:34:56,912 INFO     → 51 state rows
2026-06-25 11:34:56,912 INFO   ABS year 2018
2026-06-25 11:34:56,912 INFO GET https://api.census.gov/data/2018/abscs  vars=3  geo=state:*  filters={'NAICS2017': '54'}
2026-06-25 11:34:58,130 INFO ABS 2018: 16 suppressed PSTS cell(s) (FIRMPDEMP_F set) → NaN
2026-06-25 11:34:58,133 INFO     → 51 state rows
2026-06-25 11:34:58,133 INFO   ABS year 2019
2026-06-25 11:34:58,133 INFO GET https://api.census.gov/data/2019/abscs  vars=3  geo=state:*  filters={'NAICS2017': '54'}
2026-06-25 11:34:59,402 INFO ABS 2019: 23 suppressed PSTS cell(s) (FIRMPDEMP_F set) → NaN
2026-06-25 11:34:59,405 INFO     → 51 state rows
2026-06-25 11:34:59,405 INFO   ABS year 2020
2026-06-25 11:34:59,405 INFO GET https://api.census.gov/data/2020/abscs  vars=3  geo=state:*  filters={'NAICS2017': '54'}
2026-06-25 11:35:01,004 INFO ABS 2020: 22 suppressed PSTS cell(s) (FIRMPDEMP_F set) → NaN
2026-06-25 11:35:01,007 INFO     → 51 state rows
2026-06-25 11:35:01,007 INFO   ABS year 2021
2026-06-25 11:35:01,007 INFO GET https://api.census.gov/data/2021/abscs  vars=3  geo=state:*  filters={'NAICS2017': '54'}
2026-06-25 11:35:02,702 INFO ABS 2021: 16 suppressed PSTS cell(s) (FIRMPDEMP_F set) → NaN
2026-06-25 11:35:02,705 INFO     → 51 state rows
2026-06-25 11:35:02,705 INFO   ABS year 2022
2026-06-25 11:35:02,705 INFO GET https://api.census.gov/data/2022/abscs  vars=3  geo=state:*  filters={'NAICS2022': '54'}
2026-06-25 11:35:13,966 INFO ABS 2022: 3 suppressed PSTS cell(s) (FIRMPDEMP_F set) → NaN
2026-06-25 11:35:13,969 INFO     → 51 state rows
2026-06-25 11:35:13,969 INFO   ABS year 2023
2026-06-25 11:35:13,969 INFO GET https://api.census.gov/data/2023/abscs  vars=3  geo=state:*  filters={'NAICS2022': '54'}
2026-06-25 11:35:29,406 INFO ABS 2023: 8 suppressed PSTS cell(s) (FIRMPDEMP_F set) → NaN
2026-06-25 11:35:29,409 INFO     → 51 state rows
2026-06-25 11:35:29,421 INFO Saved 1020 rows → C:\Users\bscav\Documents\uniJena\BA\women_entrepreneurship_programs\data\us\aggregatedData.csv
2026-06-25 11:35:29,421 INFO Done.
