2026-06-12 14:31:39,050 INFO Starting US state-year panel build (2014-2025)
2026-06-12 14:31:39,051 INFO === Fetching ACS 1-year labor force data (B23001) ===
2026-06-12 14:31:39,051 INFO   ACS year 2014
2026-06-12 14:31:39,051 INFO GET https://api.census.gov/data/2014/acs/acs1  vars=39  geo=state:*  filters=None
2026-06-12 14:31:40,602 INFO GET https://api.census.gov/data/2014/acs/acs1  vars=39  geo=state:*  filters=None
2026-06-12 14:31:41,215 WARNING ACS 2014: HTTP 400 — skipping (standard 1-year may not exist for this year)
2026-06-12 14:31:41,215 INFO     → skipped / unavailable
2026-06-12 14:31:41,216 INFO   ACS year 2015
2026-06-12 14:31:41,216 INFO GET https://api.census.gov/data/2015/acs/acs1  vars=39  geo=state:*  filters=None
2026-06-12 14:31:42,660 INFO GET https://api.census.gov/data/2015/acs/acs1  vars=39  geo=state:*  filters=None
2026-06-12 14:31:43,241 WARNING ACS 2015: HTTP 400 — skipping (standard 1-year may not exist for this year)
2026-06-12 14:31:43,241 INFO     → skipped / unavailable
2026-06-12 14:31:43,241 INFO   ACS year 2016
2026-06-12 14:31:43,242 INFO GET https://api.census.gov/data/2016/acs/acs1  vars=39  geo=state:*  filters=None
2026-06-12 14:31:44,661 INFO GET https://api.census.gov/data/2016/acs/acs1  vars=39  geo=state:*  filters=None
2026-06-12 14:31:45,399 WARNING ACS 2016: HTTP 400 — skipping (standard 1-year may not exist for this year)
2026-06-12 14:31:45,400 INFO     → skipped / unavailable
2026-06-12 14:31:45,400 INFO   ACS year 2017
2026-06-12 14:31:45,400 INFO GET https://api.census.gov/data/2017/acs/acs1  vars=39  geo=state:*  filters=None
2026-06-12 14:31:46,819 INFO GET https://api.census.gov/data/2017/acs/acs1  vars=39  geo=state:*  filters=None
2026-06-12 14:31:47,423 WARNING ACS 2017: HTTP 400 — skipping (standard 1-year may not exist for this year)
2026-06-12 14:31:47,424 INFO     → skipped / unavailable
2026-06-12 14:31:47,424 INFO   ACS year 2018
2026-06-12 14:31:47,424 INFO GET https://api.census.gov/data/2018/acs/acs1  vars=39  geo=state:*  filters=None
2026-06-12 14:31:48,823 INFO GET https://api.census.gov/data/2018/acs/acs1  vars=39  geo=state:*  filters=None
2026-06-12 14:31:49,409 WARNING ACS 2018: HTTP 400 — skipping (standard 1-year may not exist for this year)
2026-06-12 14:31:49,410 INFO     → skipped / unavailable
2026-06-12 14:31:49,410 INFO   ACS year 2019
2026-06-12 14:31:49,410 INFO GET https://api.census.gov/data/2019/acs/acs1  vars=39  geo=state:*  filters=None
2026-06-12 14:31:50,842 INFO GET https://api.census.gov/data/2019/acs/acs1  vars=39  geo=state:*  filters=None
2026-06-12 14:31:51,425 WARNING ACS 2019: HTTP 400 — skipping (standard 1-year may not exist for this year)
2026-06-12 14:31:51,426 INFO     → skipped / unavailable
2026-06-12 14:31:51,426 INFO   ACS year 2020
2026-06-12 14:31:51,426 INFO GET https://api.census.gov/data/2020/acs/acs1  vars=39  geo=state:*  filters=None
2026-06-12 14:31:52,018 WARNING ACS 2020: HTTP 404 — skipping (standard 1-year may not exist for this year)
2026-06-12 14:31:52,019 INFO     → skipped / unavailable
2026-06-12 14:31:52,019 INFO   ACS year 2021
2026-06-12 14:31:52,019 INFO GET https://api.census.gov/data/2021/acs/acs1  vars=39  geo=state:*  filters=None
2026-06-12 14:31:53,489 INFO GET https://api.census.gov/data/2021/acs/acs1  vars=39  geo=state:*  filters=None
2026-06-12 14:31:54,087 WARNING ACS 2021: HTTP 400 — skipping (standard 1-year may not exist for this year)
2026-06-12 14:31:54,088 INFO     → skipped / unavailable
2026-06-12 14:31:54,088 INFO   ACS year 2022
2026-06-12 14:31:54,088 INFO GET https://api.census.gov/data/2022/acs/acs1  vars=39  geo=state:*  filters=None
2026-06-12 14:31:55,596 INFO GET https://api.census.gov/data/2022/acs/acs1  vars=39  geo=state:*  filters=None
2026-06-12 14:31:58,052 WARNING ACS 2022: HTTP 400 — skipping (standard 1-year may not exist for this year)
2026-06-12 14:31:58,052 INFO     → skipped / unavailable
2026-06-12 14:31:58,053 INFO   ACS year 2023
2026-06-12 14:31:58,053 INFO GET https://api.census.gov/data/2023/acs/acs1  vars=39  geo=state:*  filters=None
2026-06-12 14:31:59,626 INFO GET https://api.census.gov/data/2023/acs/acs1  vars=39  geo=state:*  filters=None
2026-06-12 14:32:00,221 WARNING ACS 2023: HTTP 400 — skipping (standard 1-year may not exist for this year)
2026-06-12 14:32:00,222 INFO     → skipped / unavailable
2026-06-12 14:32:00,223 INFO === Fetching ABS business ownership data (NAICS 54 / PSTS) ===
2026-06-12 14:32:00,223 INFO   ABS year 2017
2026-06-12 14:32:00,223 INFO GET https://api.census.gov/data/2017/abscs  vars=3  geo=state:*  filters={'NAICS2017': '54'}
2026-06-12 14:32:00,795 WARNING ABS 2017: HTTP 400 — skipping
2026-06-12 14:32:00,796 INFO     → skipped / unavailable
2026-06-12 14:32:00,796 INFO   ABS year 2018
2026-06-12 14:32:00,796 INFO GET https://api.census.gov/data/2018/abscs  vars=3  geo=state:*  filters={'NAICS2017': '54'}
2026-06-12 14:32:01,389 WARNING ABS 2018: HTTP 400 — skipping
2026-06-12 14:32:01,390 INFO     → skipped / unavailable
2026-06-12 14:32:01,390 INFO   ABS year 2019
2026-06-12 14:32:01,390 INFO GET https://api.census.gov/data/2019/abscs  vars=3  geo=state:*  filters={'NAICS2017': '54'}
2026-06-12 14:32:02,000 WARNING ABS 2019: HTTP 400 — skipping
2026-06-12 14:32:02,001 INFO     → skipped / unavailable
2026-06-12 14:32:02,001 INFO   ABS year 2020
2026-06-12 14:32:02,001 INFO GET https://api.census.gov/data/2020/abscs  vars=3  geo=state:*  filters={'NAICS2017': '54'}
2026-06-12 14:32:02,598 WARNING ABS 2020: HTTP 400 — skipping
2026-06-12 14:32:02,599 INFO     → skipped / unavailable
2026-06-12 14:32:02,599 INFO   ABS year 2021
2026-06-12 14:32:02,599 INFO GET https://api.census.gov/data/2021/abscs  vars=3  geo=state:*  filters={'NAICS2017': '54'}
2026-06-12 14:32:03,213 WARNING ABS 2021: HTTP 400 — skipping
2026-06-12 14:32:03,214 INFO     → skipped / unavailable
2026-06-12 14:32:03,214 INFO   ABS year 2022
2026-06-12 14:32:03,214 INFO GET https://api.census.gov/data/2022/abscs  vars=3  geo=state:*  filters={'NAICS2017': '54'}
2026-06-12 14:32:03,824 WARNING ABS 2022: HTTP 400 — skipping
2026-06-12 14:32:03,824 INFO     → skipped / unavailable
2026-06-12 14:32:03,832 INFO Saved 612 rows → us_data\aggregatedData.csv
2026-06-12 14:32:03,834 INFO Validation report saved: us_data\data_validation_report.md
2026-06-12 14:32:03,834 INFO Done.
2026-06-12 14:38:33,324 INFO Starting US state-year panel build (2014-2025)
2026-06-12 14:38:33,324 INFO === Fetching ACS 1-year labor force data (B23001) ===
2026-06-12 14:38:33,324 INFO   ACS year 2014
2026-06-12 14:38:33,324 INFO GET https://api.census.gov/data/2014/acs/acs1  vars=39  geo=state:*  filters=None
2026-06-12 14:38:34,589 INFO GET https://api.census.gov/data/2014/acs/acs1  vars=39  geo=state:*  filters=None
2026-06-12 14:38:35,839 INFO     → 51 state rows
2026-06-12 14:38:35,839 INFO   ACS year 2015
2026-06-12 14:38:35,839 INFO GET https://api.census.gov/data/2015/acs/acs1  vars=39  geo=state:*  filters=None
2026-06-12 14:38:37,259 INFO GET https://api.census.gov/data/2015/acs/acs1  vars=39  geo=state:*  filters=None
2026-06-12 14:38:38,673 INFO     → 51 state rows
2026-06-12 14:38:38,673 INFO   ACS year 2016
2026-06-12 14:38:38,674 INFO GET https://api.census.gov/data/2016/acs/acs1  vars=39  geo=state:*  filters=None
2026-06-12 14:38:40,056 INFO GET https://api.census.gov/data/2016/acs/acs1  vars=39  geo=state:*  filters=None
2026-06-12 14:38:41,431 INFO     → 51 state rows
2026-06-12 14:38:41,431 INFO   ACS year 2017
2026-06-12 14:38:41,431 INFO GET https://api.census.gov/data/2017/acs/acs1  vars=39  geo=state:*  filters=None
2026-06-12 14:38:42,832 INFO GET https://api.census.gov/data/2017/acs/acs1  vars=39  geo=state:*  filters=None
2026-06-12 14:38:44,218 INFO     → 51 state rows
2026-06-12 14:38:44,218 INFO   ACS year 2018
2026-06-12 14:38:44,218 INFO GET https://api.census.gov/data/2018/acs/acs1  vars=39  geo=state:*  filters=None
2026-06-12 14:38:45,605 INFO GET https://api.census.gov/data/2018/acs/acs1  vars=39  geo=state:*  filters=None
2026-06-12 14:38:46,968 INFO     → 51 state rows
2026-06-12 14:38:46,969 INFO   ACS year 2019
2026-06-12 14:38:46,969 INFO GET https://api.census.gov/data/2019/acs/acs1  vars=39  geo=state:*  filters=None
2026-06-12 14:38:48,224 INFO GET https://api.census.gov/data/2019/acs/acs1  vars=39  geo=state:*  filters=None
2026-06-12 14:38:49,608 INFO     → 51 state rows
2026-06-12 14:38:49,608 INFO   ACS year 2020
2026-06-12 14:38:49,608 INFO GET https://api.census.gov/data/2020/acs/acs1  vars=39  geo=state:*  filters=None
2026-06-12 14:38:50,214 WARNING ACS 2020: HTTP 404 — skipping
2026-06-12 14:38:50,215 INFO     → skipped/unavailable
2026-06-12 14:38:50,215 INFO   ACS year 2021
2026-06-12 14:38:50,215 INFO GET https://api.census.gov/data/2021/acs/acs1  vars=39  geo=state:*  filters=None
2026-06-12 14:38:51,682 INFO GET https://api.census.gov/data/2021/acs/acs1  vars=39  geo=state:*  filters=None
2026-06-12 14:38:53,107 INFO     → 51 state rows
2026-06-12 14:38:53,108 INFO   ACS year 2022
2026-06-12 14:38:53,108 INFO GET https://api.census.gov/data/2022/acs/acs1  vars=39  geo=state:*  filters=None
2026-06-12 14:38:54,553 INFO GET https://api.census.gov/data/2022/acs/acs1  vars=39  geo=state:*  filters=None
2026-06-12 14:38:56,017 INFO     → 51 state rows
2026-06-12 14:38:56,017 INFO   ACS year 2023
2026-06-12 14:38:56,017 INFO GET https://api.census.gov/data/2023/acs/acs1  vars=39  geo=state:*  filters=None
2026-06-12 14:38:57,495 INFO GET https://api.census.gov/data/2023/acs/acs1  vars=39  geo=state:*  filters=None
2026-06-12 14:38:59,072 INFO     → 51 state rows
2026-06-12 14:38:59,072 INFO === Fetching ABS business ownership data (NAICS 54 / PSTS) ===
2026-06-12 14:38:59,072 INFO   ABS year 2017
2026-06-12 14:38:59,072 INFO GET https://api.census.gov/data/2017/abscs  vars=2  geo=state:*  filters={'NAICS2017': '54'}
2026-06-12 14:39:00,326 INFO     → 51 state rows
2026-06-12 14:39:00,326 INFO   ABS year 2018
2026-06-12 14:39:00,326 INFO GET https://api.census.gov/data/2018/abscs  vars=2  geo=state:*  filters={'NAICS2017': '54'}
2026-06-12 14:39:01,599 INFO     → 51 state rows
2026-06-12 14:39:01,600 INFO   ABS year 2019
2026-06-12 14:39:01,600 INFO GET https://api.census.gov/data/2019/abscs  vars=2  geo=state:*  filters={'NAICS2017': '54'}
2026-06-12 14:39:02,855 INFO     → 51 state rows
2026-06-12 14:39:02,855 INFO   ABS year 2020
2026-06-12 14:39:02,855 INFO GET https://api.census.gov/data/2020/abscs  vars=2  geo=state:*  filters={'NAICS2017': '54'}
2026-06-12 14:39:04,592 INFO     → 51 state rows
2026-06-12 14:39:04,592 INFO   ABS year 2021
2026-06-12 14:39:04,592 INFO GET https://api.census.gov/data/2021/abscs  vars=2  geo=state:*  filters={'NAICS2017': '54'}
2026-06-12 14:39:05,781 INFO     → 51 state rows
2026-06-12 14:39:05,781 INFO   ABS year 2022
2026-06-12 14:39:05,781 INFO GET https://api.census.gov/data/2022/abscs  vars=2  geo=state:*  filters={'NAICS2017': '54'}
2026-06-12 14:39:06,391 WARNING ABS 2022: HTTP 400 — skipping
2026-06-12 14:39:06,391 INFO     → skipped/unavailable
2026-06-12 14:39:06,400 INFO Saved 612 rows → us_data\aggregatedData.csv
2026-06-12 14:39:06,402 INFO Validation report: us_data\data_validation_report.md
2026-06-12 14:39:06,402 INFO Done.
2026-06-12 14:40:27,665 INFO Starting US state-year panel build (2014-2025)
2026-06-12 14:40:27,665 INFO === Fetching ACS 1-year labor force data (B23001) ===
2026-06-12 14:40:27,666 INFO   ACS year 2014
2026-06-12 14:40:27,666 INFO GET https://api.census.gov/data/2014/acs/acs1  vars=39  geo=state:*  filters=None
2026-06-12 14:40:29,063 INFO GET https://api.census.gov/data/2014/acs/acs1  vars=39  geo=state:*  filters=None
2026-06-12 14:40:30,402 INFO     → 51 state rows
2026-06-12 14:40:30,403 INFO   ACS year 2015
2026-06-12 14:40:30,403 INFO GET https://api.census.gov/data/2015/acs/acs1  vars=39  geo=state:*  filters=None
2026-06-12 14:40:31,714 INFO GET https://api.census.gov/data/2015/acs/acs1  vars=39  geo=state:*  filters=None
2026-06-12 14:40:33,121 INFO     → 51 state rows
2026-06-12 14:40:33,122 INFO   ACS year 2016
2026-06-12 14:40:33,122 INFO GET https://api.census.gov/data/2016/acs/acs1  vars=39  geo=state:*  filters=None
2026-06-12 14:40:34,463 INFO GET https://api.census.gov/data/2016/acs/acs1  vars=39  geo=state:*  filters=None
2026-06-12 14:40:35,815 INFO     → 51 state rows
2026-06-12 14:40:35,815 INFO   ACS year 2017
2026-06-12 14:40:35,815 INFO GET https://api.census.gov/data/2017/acs/acs1  vars=39  geo=state:*  filters=None
2026-06-12 14:40:37,165 INFO GET https://api.census.gov/data/2017/acs/acs1  vars=39  geo=state:*  filters=None
2026-06-12 14:40:38,577 INFO     → 51 state rows
2026-06-12 14:40:38,577 INFO   ACS year 2018
2026-06-12 14:40:38,577 INFO GET https://api.census.gov/data/2018/acs/acs1  vars=39  geo=state:*  filters=None
2026-06-12 14:40:39,936 INFO GET https://api.census.gov/data/2018/acs/acs1  vars=39  geo=state:*  filters=None
2026-06-12 14:40:41,333 INFO     → 51 state rows
2026-06-12 14:40:41,333 INFO   ACS year 2019
2026-06-12 14:40:41,333 INFO GET https://api.census.gov/data/2019/acs/acs1  vars=39  geo=state:*  filters=None
2026-06-12 14:40:42,704 INFO GET https://api.census.gov/data/2019/acs/acs1  vars=39  geo=state:*  filters=None
2026-06-12 14:40:43,983 INFO     → 51 state rows
2026-06-12 14:40:43,984 INFO   ACS year 2020
2026-06-12 14:40:43,984 INFO GET https://api.census.gov/data/2020/acs/acs1  vars=39  geo=state:*  filters=None
2026-06-12 14:40:44,574 WARNING ACS 2020: HTTP 404 — skipping
2026-06-12 14:40:44,574 INFO     → skipped/unavailable
2026-06-12 14:40:44,574 INFO   ACS year 2021
2026-06-12 14:40:44,574 INFO GET https://api.census.gov/data/2021/acs/acs1  vars=39  geo=state:*  filters=None
2026-06-12 14:40:45,937 INFO GET https://api.census.gov/data/2021/acs/acs1  vars=39  geo=state:*  filters=None
2026-06-12 14:40:47,237 INFO     → 51 state rows
2026-06-12 14:40:47,238 INFO   ACS year 2022
2026-06-12 14:40:47,238 INFO GET https://api.census.gov/data/2022/acs/acs1  vars=39  geo=state:*  filters=None
2026-06-12 14:40:48,498 INFO GET https://api.census.gov/data/2022/acs/acs1  vars=39  geo=state:*  filters=None
2026-06-12 14:40:49,837 INFO     → 51 state rows
2026-06-12 14:40:49,837 INFO   ACS year 2023
2026-06-12 14:40:49,837 INFO GET https://api.census.gov/data/2023/acs/acs1  vars=39  geo=state:*  filters=None
2026-06-12 14:40:51,306 INFO GET https://api.census.gov/data/2023/acs/acs1  vars=39  geo=state:*  filters=None
2026-06-12 14:40:52,584 INFO     → 51 state rows
2026-06-12 14:40:52,584 INFO === Fetching ABS business ownership data (NAICS 54 / PSTS) ===
2026-06-12 14:40:52,584 INFO   ABS year 2017
2026-06-12 14:40:52,584 INFO GET https://api.census.gov/data/2017/abscs  vars=2  geo=state:*  filters={'NAICS2017': '54'}
2026-06-12 14:40:53,764 INFO     → 51 state rows
2026-06-12 14:40:53,764 INFO   ABS year 2018
2026-06-12 14:40:53,765 INFO GET https://api.census.gov/data/2018/abscs  vars=2  geo=state:*  filters={'NAICS2017': '54'}
2026-06-12 14:40:54,886 INFO     → 51 state rows
2026-06-12 14:40:54,886 INFO   ABS year 2019
2026-06-12 14:40:54,886 INFO GET https://api.census.gov/data/2019/abscs  vars=2  geo=state:*  filters={'NAICS2017': '54'}
2026-06-12 14:40:56,108 INFO     → 51 state rows
2026-06-12 14:40:56,108 INFO   ABS year 2020
2026-06-12 14:40:56,108 INFO GET https://api.census.gov/data/2020/abscs  vars=2  geo=state:*  filters={'NAICS2017': '54'}
2026-06-12 14:40:57,689 INFO     → 51 state rows
2026-06-12 14:40:57,689 INFO   ABS year 2021
2026-06-12 14:40:57,689 INFO GET https://api.census.gov/data/2021/abscs  vars=2  geo=state:*  filters={'NAICS2017': '54'}
2026-06-12 14:40:59,201 INFO     → 51 state rows
2026-06-12 14:40:59,201 INFO   ABS year 2022
2026-06-12 14:40:59,201 INFO GET https://api.census.gov/data/2022/abscs  vars=2  geo=state:*  filters={'NAICS2022': '54'}
2026-06-12 14:41:09,852 INFO     → 51 state rows
2026-06-12 14:41:09,852 INFO   ABS year 2023
2026-06-12 14:41:09,852 INFO GET https://api.census.gov/data/2023/abscs  vars=2  geo=state:*  filters={'NAICS2022': '54'}
2026-06-12 14:41:24,435 INFO     → 51 state rows
2026-06-12 14:41:24,444 INFO Saved 612 rows → us_data\aggregatedData.csv
2026-06-12 14:41:24,447 INFO Validation report: us_data\data_validation_report.md
2026-06-12 14:41:24,447 INFO Done.
2026-06-12 14:43:20,801 INFO Starting US state-year panel build (2014-2025)
2026-06-12 14:43:20,801 INFO === Fetching ACS 1-year labor force data (B23001) ===
2026-06-12 14:43:20,801 INFO   ACS year 2014
2026-06-12 14:43:20,801 INFO GET https://api.census.gov/data/2014/acs/acs1  vars=39  geo=state:*  filters=None
2026-06-12 14:43:22,084 INFO GET https://api.census.gov/data/2014/acs/acs1  vars=39  geo=state:*  filters=None
2026-06-12 14:43:23,379 INFO     → 51 state rows
2026-06-12 14:43:23,379 INFO   ACS year 2015
2026-06-12 14:43:23,379 INFO GET https://api.census.gov/data/2015/acs/acs1  vars=39  geo=state:*  filters=None
2026-06-12 14:43:24,942 INFO GET https://api.census.gov/data/2015/acs/acs1  vars=39  geo=state:*  filters=None
2026-06-12 14:43:26,407 INFO     → 51 state rows
2026-06-12 14:43:26,408 INFO   ACS year 2016
2026-06-12 14:43:26,408 INFO GET https://api.census.gov/data/2016/acs/acs1  vars=39  geo=state:*  filters=None
2026-06-12 14:43:27,788 INFO GET https://api.census.gov/data/2016/acs/acs1  vars=39  geo=state:*  filters=None
2026-06-12 14:43:29,235 INFO     → 51 state rows
2026-06-12 14:43:29,235 INFO   ACS year 2017
2026-06-12 14:43:29,235 INFO GET https://api.census.gov/data/2017/acs/acs1  vars=39  geo=state:*  filters=None
2026-06-12 14:43:30,634 INFO GET https://api.census.gov/data/2017/acs/acs1  vars=39  geo=state:*  filters=None
2026-06-12 14:43:31,977 INFO     → 51 state rows
2026-06-12 14:43:31,978 INFO   ACS year 2018
2026-06-12 14:43:31,978 INFO GET https://api.census.gov/data/2018/acs/acs1  vars=39  geo=state:*  filters=None
2026-06-12 14:43:33,473 INFO GET https://api.census.gov/data/2018/acs/acs1  vars=39  geo=state:*  filters=None
2026-06-12 14:43:34,888 INFO     → 51 state rows
2026-06-12 14:43:34,889 INFO   ACS year 2019
2026-06-12 14:43:34,889 INFO GET https://api.census.gov/data/2019/acs/acs1  vars=39  geo=state:*  filters=None
2026-06-12 14:43:36,277 INFO GET https://api.census.gov/data/2019/acs/acs1  vars=39  geo=state:*  filters=None
2026-06-12 14:43:37,587 INFO     → 51 state rows
2026-06-12 14:43:37,587 INFO   ACS year 2020
2026-06-12 14:43:37,587 INFO GET https://api.census.gov/data/2020/acs/acs1  vars=39  geo=state:*  filters=None
2026-06-12 14:43:38,194 WARNING ACS 2020: HTTP 404 — skipping
2026-06-12 14:43:38,195 INFO     → skipped/unavailable
2026-06-12 14:43:38,195 INFO   ACS year 2021
2026-06-12 14:43:38,195 INFO GET https://api.census.gov/data/2021/acs/acs1  vars=39  geo=state:*  filters=None
2026-06-12 14:43:39,456 INFO GET https://api.census.gov/data/2021/acs/acs1  vars=39  geo=state:*  filters=None
2026-06-12 14:43:40,878 INFO     → 51 state rows
2026-06-12 14:43:40,879 INFO   ACS year 2022
2026-06-12 14:43:40,879 INFO GET https://api.census.gov/data/2022/acs/acs1  vars=39  geo=state:*  filters=None
2026-06-12 14:43:42,373 INFO GET https://api.census.gov/data/2022/acs/acs1  vars=39  geo=state:*  filters=None
2026-06-12 14:43:43,850 INFO     → 51 state rows
2026-06-12 14:43:43,850 INFO   ACS year 2023
2026-06-12 14:43:43,850 INFO GET https://api.census.gov/data/2023/acs/acs1  vars=39  geo=state:*  filters=None
2026-06-12 14:43:45,257 INFO GET https://api.census.gov/data/2023/acs/acs1  vars=39  geo=state:*  filters=None
2026-06-12 14:43:46,775 INFO     → 51 state rows
2026-06-12 14:43:46,775 INFO === Fetching ABS business ownership data (NAICS 54 / PSTS) ===
2026-06-12 14:43:46,775 INFO   ABS year 2017
2026-06-12 14:43:46,775 INFO GET https://api.census.gov/data/2017/abscs  vars=2  geo=state:*  filters={'NAICS2017': '54'}
2026-06-12 14:43:48,020 INFO     → 51 state rows
2026-06-12 14:43:48,020 INFO   ABS year 2018
2026-06-12 14:43:48,020 INFO GET https://api.census.gov/data/2018/abscs  vars=2  geo=state:*  filters={'NAICS2017': '54'}
2026-06-12 14:43:49,150 INFO     → 51 state rows
2026-06-12 14:43:49,150 INFO   ABS year 2019
2026-06-12 14:43:49,150 INFO GET https://api.census.gov/data/2019/abscs  vars=2  geo=state:*  filters={'NAICS2017': '54'}
2026-06-12 14:43:50,272 INFO     → 51 state rows
2026-06-12 14:43:50,272 INFO   ABS year 2020
2026-06-12 14:43:50,273 INFO GET https://api.census.gov/data/2020/abscs  vars=2  geo=state:*  filters={'NAICS2017': '54'}
2026-06-12 14:43:51,540 INFO     → 51 state rows
2026-06-12 14:43:51,540 INFO   ABS year 2021
2026-06-12 14:43:51,540 INFO GET https://api.census.gov/data/2021/abscs  vars=2  geo=state:*  filters={'NAICS2017': '54'}
2026-06-12 14:43:52,691 INFO     → 51 state rows
2026-06-12 14:43:52,691 INFO   ABS year 2022
2026-06-12 14:43:52,691 INFO GET https://api.census.gov/data/2022/abscs  vars=2  geo=state:*  filters={'NAICS2022': '54'}
2026-06-12 14:44:06,180 INFO     → 51 state rows
2026-06-12 14:44:06,180 INFO   ABS year 2023
2026-06-12 14:44:06,181 INFO GET https://api.census.gov/data/2023/abscs  vars=2  geo=state:*  filters={'NAICS2022': '54'}
2026-06-12 14:44:20,378 INFO     → 51 state rows
2026-06-12 14:44:20,387 INFO Saved 612 rows → us_data\aggregatedData.csv
2026-06-12 14:44:20,390 INFO Validation report: us_data\data_validation_report.md
2026-06-12 14:44:20,390 INFO Done.
2026-06-12 15:04:32,286 INFO Starting US state-year panel build (2014-2025)
2026-06-12 15:04:32,286 INFO === Fetching ACS 1-year labor force data (B23001) ===
2026-06-12 15:04:32,286 INFO   ACS year 2014
2026-06-12 15:04:32,286 INFO GET https://api.census.gov/data/2014/acs/acs1  vars=39  geo=state:*  filters=None
2026-06-12 15:04:33,555 INFO GET https://api.census.gov/data/2014/acs/acs1  vars=39  geo=state:*  filters=None
2026-06-12 15:04:34,837 INFO     → 51 state rows
2026-06-12 15:04:34,837 INFO   ACS year 2015
2026-06-12 15:04:34,838 INFO GET https://api.census.gov/data/2015/acs/acs1  vars=39  geo=state:*  filters=None
2026-06-12 15:04:36,122 INFO GET https://api.census.gov/data/2015/acs/acs1  vars=39  geo=state:*  filters=None
2026-06-12 15:04:37,406 INFO     → 51 state rows
2026-06-12 15:04:37,406 INFO   ACS year 2016
2026-06-12 15:04:37,406 INFO GET https://api.census.gov/data/2016/acs/acs1  vars=39  geo=state:*  filters=None
2026-06-12 15:04:38,729 INFO GET https://api.census.gov/data/2016/acs/acs1  vars=39  geo=state:*  filters=None
2026-06-12 15:04:40,214 INFO     → 51 state rows
2026-06-12 15:04:40,214 INFO   ACS year 2017
2026-06-12 15:04:40,214 INFO GET https://api.census.gov/data/2017/acs/acs1  vars=39  geo=state:*  filters=None
2026-06-12 15:04:41,666 INFO GET https://api.census.gov/data/2017/acs/acs1  vars=39  geo=state:*  filters=None
2026-06-12 15:04:43,161 INFO     → 51 state rows
2026-06-12 15:04:43,161 INFO   ACS year 2018
2026-06-12 15:04:43,161 INFO GET https://api.census.gov/data/2018/acs/acs1  vars=39  geo=state:*  filters=None
2026-06-12 15:04:44,497 INFO GET https://api.census.gov/data/2018/acs/acs1  vars=39  geo=state:*  filters=None
2026-06-12 15:04:45,999 INFO     → 51 state rows
2026-06-12 15:04:45,999 INFO   ACS year 2019
2026-06-12 15:04:45,999 INFO GET https://api.census.gov/data/2019/acs/acs1  vars=39  geo=state:*  filters=None
2026-06-12 15:04:47,315 INFO GET https://api.census.gov/data/2019/acs/acs1  vars=39  geo=state:*  filters=None
2026-06-12 15:04:48,696 INFO     → 51 state rows
2026-06-12 15:04:48,696 INFO   ACS year 2020
2026-06-12 15:04:48,696 INFO GET https://api.census.gov/data/2020/acs/acs1  vars=39  geo=state:*  filters=None
2026-06-12 15:04:49,312 WARNING ACS 2020: HTTP 404 — skipping
2026-06-12 15:04:49,312 INFO     → skipped/unavailable
2026-06-12 15:04:49,312 INFO   ACS year 2021
2026-06-12 15:04:49,313 INFO GET https://api.census.gov/data/2021/acs/acs1  vars=39  geo=state:*  filters=None
2026-06-12 15:04:50,602 INFO GET https://api.census.gov/data/2021/acs/acs1  vars=39  geo=state:*  filters=None
2026-06-12 15:04:52,097 INFO     → 51 state rows
2026-06-12 15:04:52,097 INFO   ACS year 2022
2026-06-12 15:04:52,097 INFO GET https://api.census.gov/data/2022/acs/acs1  vars=39  geo=state:*  filters=None
2026-06-12 15:04:53,404 INFO GET https://api.census.gov/data/2022/acs/acs1  vars=39  geo=state:*  filters=None
2026-06-12 15:04:54,904 INFO     → 51 state rows
2026-06-12 15:04:54,904 INFO   ACS year 2023
2026-06-12 15:04:54,904 INFO GET https://api.census.gov/data/2023/acs/acs1  vars=39  geo=state:*  filters=None
2026-06-12 15:04:56,197 INFO GET https://api.census.gov/data/2023/acs/acs1  vars=39  geo=state:*  filters=None
2026-06-12 15:04:57,639 INFO     → 51 state rows
2026-06-12 15:04:57,639 INFO === Fetching ASE business ownership data (NAICS 54 / PSTS, 2014-2016) ===
2026-06-12 15:04:57,639 INFO   ASE year 2014
2026-06-12 15:04:57,639 INFO GET https://api.census.gov/data/2014/ase/csa  vars=2  geo=state:*  filters={'NAICS2012': '54'}
2026-06-12 15:04:59,096 INFO     → 51 state rows
2026-06-12 15:04:59,097 INFO   ASE year 2015
2026-06-12 15:04:59,097 INFO GET https://api.census.gov/data/2015/ase/csa  vars=2  geo=state:*  filters={'NAICS2012': '54'}
2026-06-12 15:05:00,567 INFO     → 51 state rows
2026-06-12 15:05:00,567 INFO   ASE year 2016
2026-06-12 15:05:00,567 INFO GET https://api.census.gov/data/2016/ase/csa  vars=2  geo=state:*  filters={'NAICS2012': '54'}
2026-06-12 15:05:01,845 INFO     → 51 state rows
2026-06-12 15:05:01,846 INFO === Fetching ABS business ownership data (NAICS 54 / PSTS, 2017-2023) ===
2026-06-12 15:05:01,846 INFO   ABS year 2017
2026-06-12 15:05:01,846 INFO GET https://api.census.gov/data/2017/abscs  vars=2  geo=state:*  filters={'NAICS2017': '54'}
2026-06-12 15:05:03,068 INFO     → 51 state rows
2026-06-12 15:05:03,068 INFO   ABS year 2018
2026-06-12 15:05:03,068 INFO GET https://api.census.gov/data/2018/abscs  vars=2  geo=state:*  filters={'NAICS2017': '54'}
2026-06-12 15:05:04,342 INFO     → 51 state rows
2026-06-12 15:05:04,342 INFO   ABS year 2019
2026-06-12 15:05:04,342 INFO GET https://api.census.gov/data/2019/abscs  vars=2  geo=state:*  filters={'NAICS2017': '54'}
2026-06-12 15:05:05,605 INFO     → 51 state rows
2026-06-12 15:05:05,605 INFO   ABS year 2020
2026-06-12 15:05:05,605 INFO GET https://api.census.gov/data/2020/abscs  vars=2  geo=state:*  filters={'NAICS2017': '54'}
2026-06-12 15:05:07,007 INFO     → 51 state rows
2026-06-12 15:05:07,007 INFO   ABS year 2021
2026-06-12 15:05:07,007 INFO GET https://api.census.gov/data/2021/abscs  vars=2  geo=state:*  filters={'NAICS2017': '54'}
2026-06-12 15:05:08,245 INFO     → 51 state rows
2026-06-12 15:05:08,245 INFO   ABS year 2022
2026-06-12 15:05:08,245 INFO GET https://api.census.gov/data/2022/abscs  vars=2  geo=state:*  filters={'NAICS2022': '54'}
2026-06-12 15:05:23,566 INFO     → 51 state rows
2026-06-12 15:05:23,566 INFO   ABS year 2023
2026-06-12 15:05:23,566 INFO GET https://api.census.gov/data/2023/abscs  vars=2  geo=state:*  filters={'NAICS2022': '54'}
2026-06-12 15:05:37,571 INFO     → 51 state rows
2026-06-12 15:05:37,583 INFO Saved 612 rows → us_data\aggregatedData.csv
2026-06-12 15:05:37,586 INFO Validation report: us_data\data_validation_report.md
2026-06-12 15:05:37,586 INFO Done.
