2026-06-18 12:11:27,567 INFO Starting Mexico state-year panel build (2014–2024)
2026-06-18 12:11:27,567 INFO === Year 2014 ===
2026-06-18 12:11:27,567 INFO   Fetching 2014 Q1
2026-06-18 12:11:27,567 INFO   GET https://www.inegi.org.mx/contenidos/programas/enoe/15ymas/microdatos/2014trim1_csv.zip
2026-06-18 12:11:48,238 INFO     → 25.1 MB
2026-06-18 12:11:48,239 INFO     Reading CSV SDEMT114.csv
2026-06-18 12:11:51,764 INFO   [2014 Q1] scian==12 filter applied (SCIAN 54, exact PSTS)
2026-06-18 12:11:52,759 INFO   Fetching 2014 Q2
2026-06-18 12:11:52,759 INFO   GET https://www.inegi.org.mx/contenidos/programas/enoe/15ymas/microdatos/2014trim2_csv.zip
2026-06-18 12:12:08,855 INFO     → 22.8 MB
2026-06-18 12:12:08,855 INFO     Reading CSV SDEMT214.csv
2026-06-18 12:12:12,120 INFO   [2014 Q2] scian==12 filter applied (SCIAN 54, exact PSTS)
2026-06-18 12:12:13,070 INFO   Fetching 2014 Q3
2026-06-18 12:12:13,070 INFO   GET https://www.inegi.org.mx/contenidos/programas/enoe/15ymas/microdatos/2014trim3_csv.zip
2026-06-18 12:12:30,127 INFO     → 22.7 MB
2026-06-18 12:12:30,127 INFO     Reading CSV SDEMT314.csv
2026-06-18 12:12:33,453 INFO   [2014 Q3] scian==12 filter applied (SCIAN 54, exact PSTS)
2026-06-18 12:12:34,404 INFO   Fetching 2014 Q4
2026-06-18 12:12:34,404 INFO   GET https://www.inegi.org.mx/contenidos/programas/enoe/15ymas/microdatos/2014trim4_csv.zip
2026-06-18 12:12:51,065 INFO     → 22.7 MB
2026-06-18 12:12:51,065 INFO     Reading CSV SDEMT414.csv
2026-06-18 12:12:54,349 INFO   [2014 Q4] scian==12 filter applied (SCIAN 54, exact PSTS)
2026-06-18 12:12:55,325 INFO === Year 2015 ===
2026-06-18 12:12:55,325 INFO   Fetching 2015 Q1
2026-06-18 12:12:55,325 INFO   GET https://www.inegi.org.mx/contenidos/programas/enoe/15ymas/microdatos/2015trim1_csv.zip
2026-06-18 12:13:13,776 INFO     → 25.2 MB
2026-06-18 12:13:13,776 INFO     Reading CSV SDEMT115.csv
2026-06-18 12:13:17,017 INFO   [2015 Q1] scian==12 filter applied (SCIAN 54, exact PSTS)
2026-06-18 12:13:17,973 INFO   Fetching 2015 Q2
2026-06-18 12:13:17,973 INFO   GET https://www.inegi.org.mx/contenidos/programas/enoe/15ymas/microdatos/2015trim2_csv.zip
2026-06-18 12:13:34,042 INFO     → 22.8 MB
2026-06-18 12:13:34,042 INFO     Reading CSV SDEMT215.csv
2026-06-18 12:13:37,269 INFO   [2015 Q2] scian==12 filter applied (SCIAN 54, exact PSTS)
2026-06-18 12:13:38,216 INFO   Fetching 2015 Q3
2026-06-18 12:13:38,216 INFO   GET https://www.inegi.org.mx/contenidos/programas/enoe/15ymas/microdatos/2015trim3_csv.zip
2026-06-18 12:13:54,200 INFO     → 22.6 MB
2026-06-18 12:13:54,201 INFO     Reading CSV SDEMT315.csv
2026-06-18 12:13:57,348 INFO   [2015 Q3] scian==12 filter applied (SCIAN 54, exact PSTS)
2026-06-18 12:13:58,311 INFO   Fetching 2015 Q4
2026-06-18 12:13:58,311 INFO   GET https://www.inegi.org.mx/contenidos/programas/enoe/15ymas/microdatos/2015trim4_csv.zip
2026-06-18 12:14:14,222 INFO     → 22.8 MB
2026-06-18 12:14:14,223 INFO     Reading CSV SDEMT415.csv
2026-06-18 12:14:17,631 INFO   [2015 Q4] scian==12 filter applied (SCIAN 54, exact PSTS)
2026-06-18 12:14:18,568 INFO === Year 2016 ===
2026-06-18 12:14:18,568 INFO   Fetching 2016 Q1
2026-06-18 12:14:18,569 INFO   GET https://www.inegi.org.mx/contenidos/programas/enoe/15ymas/microdatos/2016trim1_csv.zip
2026-06-18 12:14:41,921 INFO     → 29.9 MB
2026-06-18 12:14:41,921 INFO     Reading CSV SDEMT116.csv
2026-06-18 12:14:45,073 INFO   [2016 Q1] scian==12 filter applied (SCIAN 54, exact PSTS)
2026-06-18 12:14:46,005 INFO   Fetching 2016 Q2
2026-06-18 12:14:46,005 INFO   GET https://www.inegi.org.mx/contenidos/programas/enoe/15ymas/microdatos/2016trim2_csv.zip
2026-06-18 12:15:04,755 INFO     → 26.8 MB
2026-06-18 12:15:04,755 INFO     Reading CSV SDEMT216.csv
2026-06-18 12:15:08,020 INFO   [2016 Q2] scian==12 filter applied (SCIAN 54, exact PSTS)
2026-06-18 12:15:09,027 INFO   Fetching 2016 Q3
2026-06-18 12:15:09,027 INFO   GET https://www.inegi.org.mx/contenidos/programas/enoe/15ymas/microdatos/2016trim3_csv.zip
2026-06-18 12:15:27,445 INFO     → 26.5 MB
2026-06-18 12:15:27,446 INFO     Reading CSV SDEMT316.csv
2026-06-18 12:15:30,558 INFO   [2016 Q3] scian==12 filter applied (SCIAN 54, exact PSTS)
2026-06-18 12:15:31,501 INFO   Fetching 2016 Q4
2026-06-18 12:15:31,501 INFO   GET https://www.inegi.org.mx/contenidos/programas/enoe/15ymas/microdatos/2016trim4_csv.zip
2026-06-18 12:15:49,970 INFO     → 26.5 MB
2026-06-18 12:15:49,971 INFO     Reading CSV SDEMT416.csv
2026-06-18 12:15:53,236 INFO   [2016 Q4] scian==12 filter applied (SCIAN 54, exact PSTS)
2026-06-18 12:15:54,179 INFO === Year 2017 ===
2026-06-18 12:15:54,179 INFO   Fetching 2017 Q1
2026-06-18 12:15:54,179 INFO   GET https://www.inegi.org.mx/contenidos/programas/enoe/15ymas/microdatos/2017trim1_csv.zip
2026-06-18 12:16:14,993 INFO     → 29.5 MB
2026-06-18 12:16:14,994 INFO     Reading CSV SDEMT117.csv
2026-06-18 12:16:18,219 INFO   [2017 Q1] scian==12 filter applied (SCIAN 54, exact PSTS)
2026-06-18 12:16:19,165 INFO   Fetching 2017 Q2
2026-06-18 12:16:19,165 INFO   GET https://www.inegi.org.mx/contenidos/programas/enoe/15ymas/microdatos/2017trim2_csv.zip
2026-06-18 12:16:37,821 INFO     → 27.0 MB
2026-06-18 12:16:37,821 INFO     Reading CSV SDEMT217.csv
2026-06-18 12:16:41,057 INFO   [2017 Q2] scian==12 filter applied (SCIAN 54, exact PSTS)
2026-06-18 12:16:42,018 INFO   Fetching 2017 Q3
2026-06-18 12:16:42,018 INFO   GET https://www.inegi.org.mx/contenidos/programas/enoe/15ymas/microdatos/2017trim3_csv.zip
2026-06-18 12:17:00,482 INFO     → 26.5 MB
2026-06-18 12:17:00,482 INFO     Reading CSV SDEMT317.csv
2026-06-18 12:17:03,702 INFO   [2017 Q3] scian==12 filter applied (SCIAN 54, exact PSTS)
2026-06-18 12:17:04,642 INFO   Fetching 2017 Q4
2026-06-18 12:17:04,642 INFO   GET https://www.inegi.org.mx/contenidos/programas/enoe/15ymas/microdatos/2017trim4_csv.zip
2026-06-18 12:17:23,168 INFO     → 26.7 MB
2026-06-18 12:17:23,169 INFO     Reading CSV SDEMT417.csv
2026-06-18 12:17:26,375 INFO   [2017 Q4] scian==12 filter applied (SCIAN 54, exact PSTS)
2026-06-18 12:17:27,369 INFO === Year 2018 ===
2026-06-18 12:17:27,369 INFO   Fetching 2018 Q1
2026-06-18 12:17:27,369 INFO   GET https://www.inegi.org.mx/contenidos/programas/enoe/15ymas/microdatos/2018trim1_csv.zip
2026-06-18 12:17:47,825 INFO     → 29.6 MB
2026-06-18 12:17:47,825 INFO     Reading CSV SDEMT118.csv
2026-06-18 12:17:51,006 INFO   [2018 Q1] scian==12 filter applied (SCIAN 54, exact PSTS)
2026-06-18 12:17:51,976 INFO   Fetching 2018 Q2
2026-06-18 12:17:51,976 INFO   GET https://www.inegi.org.mx/contenidos/programas/enoe/15ymas/microdatos/2018trim2_csv.zip
2026-06-18 12:18:10,652 INFO     → 26.8 MB
2026-06-18 12:18:10,652 INFO     Reading CSV SDEMT218.csv
2026-06-18 12:18:14,018 INFO   [2018 Q2] scian==12 filter applied (SCIAN 54, exact PSTS)
2026-06-18 12:18:14,982 INFO   Fetching 2018 Q3
2026-06-18 12:18:14,982 INFO   GET https://www.inegi.org.mx/contenidos/programas/enoe/15ymas/microdatos/2018trim3_csv.zip
2026-06-18 12:18:34,724 INFO     → 26.6 MB
2026-06-18 12:18:34,725 INFO     Reading CSV SDEMT318.csv
2026-06-18 12:18:37,977 INFO   [2018 Q3] scian==12 filter applied (SCIAN 54, exact PSTS)
2026-06-18 12:18:38,944 INFO   Fetching 2018 Q4
2026-06-18 12:18:38,944 INFO   GET https://www.inegi.org.mx/contenidos/programas/enoe/15ymas/microdatos/2018trim4_csv.zip
2026-06-18 12:18:58,091 INFO     → 26.7 MB
2026-06-18 12:18:58,092 INFO     Reading CSV SDEMT418.csv
2026-06-18 12:19:01,325 INFO   [2018 Q4] scian==12 filter applied (SCIAN 54, exact PSTS)
2026-06-18 12:19:02,289 INFO === Year 2019 ===
2026-06-18 12:19:02,289 INFO   Fetching 2019 Q1
2026-06-18 12:19:02,289 INFO   GET https://www.inegi.org.mx/contenidos/programas/enoe/15ymas/microdatos/2019trim1_csv.zip
2026-06-18 12:19:24,438 INFO     → 31.3 MB
2026-06-18 12:19:24,439 INFO     Reading CSV sdemt119.csv
2026-06-18 12:19:27,991 INFO   [2019 Q1] scian==12 filter applied (SCIAN 54, exact PSTS)
2026-06-18 12:19:28,970 INFO   Fetching 2019 Q2
2026-06-18 12:19:28,970 INFO   GET https://www.inegi.org.mx/contenidos/programas/enoe/15ymas/microdatos/2019trim2_csv.zip
2026-06-18 12:19:49,063 INFO     → 28.6 MB
2026-06-18 12:19:49,063 INFO     Reading CSV sdemt219.csv
2026-06-18 12:19:53,038 INFO   [2019 Q2] scian==12 filter applied (SCIAN 54, exact PSTS)
2026-06-18 12:19:54,043 INFO   Fetching 2019 Q3
2026-06-18 12:19:54,044 INFO   GET https://www.inegi.org.mx/contenidos/programas/enoe/15ymas/microdatos/2019trim3_csv.zip
2026-06-18 12:20:15,588 INFO     → 31.1 MB
2026-06-18 12:20:15,588 INFO     Reading CSV sdemt319.csv
2026-06-18 12:20:19,049 INFO   [2019 Q3] scian==12 filter applied (SCIAN 54, exact PSTS)
2026-06-18 12:20:20,073 INFO   Fetching 2019 Q4
2026-06-18 12:20:20,073 INFO   GET https://www.inegi.org.mx/contenidos/programas/enoe/15ymas/microdatos/2019trim4_csv.zip
2026-06-18 12:20:39,458 INFO     → 28.1 MB
2026-06-18 12:20:39,458 INFO     Reading CSV sdemt419.csv
2026-06-18 12:20:43,044 INFO   [2019 Q4] scian==12 filter applied (SCIAN 54, exact PSTS)
2026-06-18 12:20:44,054 INFO === Year 2020 ===
2026-06-18 12:20:44,054 INFO   Fetching 2020 Q1
2026-06-18 12:20:44,054 INFO   GET https://www.inegi.org.mx/contenidos/programas/enoe/15ymas/microdatos/2020trim1_csv.zip
2026-06-18 12:21:03,237 INFO     → 27.4 MB
2026-06-18 12:21:03,237 INFO     Reading CSV ENOE_SDEMT120.csv
2026-06-18 12:21:06,731 INFO   [2020 Q1] scian==12 filter applied (SCIAN 54, exact PSTS)
2026-06-18 12:21:07,714 INFO   Fetching 2020 Q2
2026-06-18 12:21:07,714 INFO   GET https://www.inegi.org.mx/contenidos/investigacion/etoe/microdatos/etoe_2020_mayo_csv.zip
2026-06-18 12:21:07,905 INFO     → 0.0 MB
2026-06-18 12:21:07,905 WARNING   [ETOE mayo] Bad ZIP at https://www.inegi.org.mx/contenidos/investigacion/etoe/microdatos/etoe_2020_mayo_csv.zip
2026-06-18 12:21:07,905 INFO   GET https://www.inegi.org.mx/contenidos/investigacion/etoe/microdatos/etoe_2020_mayo_cpv2020_dbf.zip
2026-06-18 12:21:09,956 INFO     → 2.3 MB
2026-06-18 12:21:09,956 INFO     Reading DBF etoe_2020_mayo_cpv2020_dbf/SDEMT0520.DBF
2026-06-18 12:21:11,784 WARNING   [ETOE 2020 mayo] Missing required columns: ['fac']  (available: ['R_DEF', 'LOC', 'MUN', 'EST', 'EST_D', 'AGEB', 'T_LOC', 'CD_A', 'ENT', 'CON', 'UPM', 'D_SEM', 'N_PRO_VIV', 'V_SEL', 'N_HOG', 'H_MUD', 'N_ENT', 'PER', 'N_REN', 'C_RES'])
2026-06-18 12:21:12,294 INFO   GET https://www.inegi.org.mx/contenidos/investigacion/etoe/microdatos/etoe_2020_junio_csv.zip
2026-06-18 12:21:12,489 INFO     → 0.0 MB
2026-06-18 12:21:12,489 WARNING   [ETOE junio] Bad ZIP at https://www.inegi.org.mx/contenidos/investigacion/etoe/microdatos/etoe_2020_junio_csv.zip
2026-06-18 12:21:12,489 INFO   GET https://www.inegi.org.mx/contenidos/investigacion/etoe/microdatos/etoe_2020_junio_cpv2020_dbf.zip
2026-06-18 12:21:14,897 INFO     → 2.7 MB
2026-06-18 12:21:14,897 INFO     Reading DBF sdemn0620.dbf
2026-06-18 12:21:17,390 WARNING   [ETOE 2020 junio] Missing required columns: ['fac']  (available: ['R_DEF', 'LOC', 'MUN', 'EST', 'EST_D', 'AGEB', 'T_LOC', 'CD_A', 'ENT', 'CON', 'UPM', 'D_SEM', 'N_PRO_VIV', 'V_SEL', 'N_HOG', 'H_MUD', 'N_ENT', 'PER', 'N_REN', 'C_RES'])
2026-06-18 12:21:17,906 INFO   GET https://www.inegi.org.mx/contenidos/investigacion/etoe/microdatos/etoe_2020_agosto_csv.zip
2026-06-18 12:21:18,098 INFO     → 0.0 MB
2026-06-18 12:21:18,098 WARNING   [ETOE agosto] Bad ZIP at https://www.inegi.org.mx/contenidos/investigacion/etoe/microdatos/etoe_2020_agosto_csv.zip
2026-06-18 12:21:18,098 INFO   GET https://www.inegi.org.mx/contenidos/investigacion/etoe/microdatos/etoe_2020_agosto_cpv2020_dbf.zip
2026-06-18 12:21:18,293 INFO     → 0.0 MB
2026-06-18 12:21:18,293 WARNING   [ETOE agosto] Bad ZIP at https://www.inegi.org.mx/contenidos/investigacion/etoe/microdatos/etoe_2020_agosto_cpv2020_dbf.zip
2026-06-18 12:21:18,293 WARNING   [ETOE agosto] Not available from any URL
2026-06-18 12:21:18,793 INFO   Fetching 2020 Q3
2026-06-18 12:21:18,794 INFO   GET https://www.inegi.org.mx/contenidos/programas/enoe/15ymas/microdatos/enoe_n_2020_trim3_csv.zip
2026-06-18 12:21:32,545 INFO     → 19.8 MB
2026-06-18 12:21:32,545 INFO     Reading CSV ENOEN_SDEMT320.csv
2026-06-18 12:21:35,496 INFO   [2020 Q3] scian==12 filter applied (SCIAN 54, exact PSTS)
2026-06-18 12:21:36,376 INFO   Fetching 2020 Q4
2026-06-18 12:21:36,376 INFO   GET https://www.inegi.org.mx/contenidos/programas/enoe/15ymas/microdatos/enoe_n_2020_trim4_csv.zip
2026-06-18 12:21:52,514 INFO     → 23.0 MB
2026-06-18 12:21:52,514 INFO     Reading CSV ENOEN_SDEMT420.csv
2026-06-18 12:21:55,941 INFO   [2020 Q4] scian==12 filter applied (SCIAN 54, exact PSTS)
2026-06-18 12:21:56,950 INFO === Year 2021 ===
2026-06-18 12:21:56,950 INFO   Fetching 2021 Q1
2026-06-18 12:21:56,950 INFO   GET https://www.inegi.org.mx/contenidos/programas/enoe/15ymas/microdatos/enoe_n_2021_trim1_csv.zip
2026-06-18 12:22:14,090 INFO     → 24.6 MB
2026-06-18 12:22:14,091 INFO     Reading CSV ENOEN_SDEMT121.csv
2026-06-18 12:22:17,587 INFO   [2021 Q1] scian==12 filter applied (SCIAN 54, exact PSTS)
2026-06-18 12:22:18,555 INFO   Fetching 2021 Q2
2026-06-18 12:22:18,555 INFO   GET https://www.inegi.org.mx/contenidos/programas/enoe/15ymas/microdatos/enoe_n_2021_trim2_csv.zip
2026-06-18 12:22:35,236 INFO     → 23.9 MB
2026-06-18 12:22:35,236 INFO     Reading CSV ENOEN_SDEMT221.csv
2026-06-18 12:22:38,955 INFO   [2021 Q2] scian==12 filter applied (SCIAN 54, exact PSTS)
2026-06-18 12:22:39,938 INFO   Fetching 2021 Q3
2026-06-18 12:22:39,938 INFO   GET https://www.inegi.org.mx/contenidos/programas/enoe/15ymas/microdatos/enoe_n_2021_trim3_csv.zip
2026-06-18 12:23:02,878 INFO     → 32.6 MB
2026-06-18 12:23:02,879 INFO     Reading CSV ENOEN_SDEMT321.csv
2026-06-18 12:23:07,119 INFO   [2021 Q3] scian==12 filter applied (SCIAN 54, exact PSTS)
2026-06-18 12:23:08,218 INFO   Fetching 2021 Q4
2026-06-18 12:23:08,218 INFO   GET https://www.inegi.org.mx/contenidos/programas/enoe/15ymas/microdatos/enoe_n_2021_trim4_csv.zip
2026-06-18 12:23:27,280 INFO     → 27.1 MB
2026-06-18 12:23:27,280 INFO     Reading CSV ENOEN_SDEMT421.csv
2026-06-18 12:23:31,659 INFO   [2021 Q4] scian==12 filter applied (SCIAN 54, exact PSTS)
2026-06-18 12:23:32,690 INFO === Year 2022 ===
2026-06-18 12:23:32,690 INFO   Fetching 2022 Q1
2026-06-18 12:23:32,690 INFO   GET https://www.inegi.org.mx/contenidos/programas/enoe/15ymas/microdatos/enoe_n_2022_trim1_csv.zip
2026-06-18 12:23:51,840 INFO     → 27.7 MB
2026-06-18 12:23:51,840 INFO     Reading CSV ENOEN_SDEMT122.csv
2026-06-18 12:23:56,049 INFO   [2022 Q1] scian==12 filter applied (SCIAN 54, exact PSTS)
2026-06-18 12:23:57,079 INFO   Fetching 2022 Q2
2026-06-18 12:23:57,079 INFO   GET https://www.inegi.org.mx/contenidos/programas/enoe/15ymas/microdatos/enoe_n_2022_trim2_csv.zip
2026-06-18 12:24:18,408 INFO     → 30.5 MB
2026-06-18 12:24:18,409 INFO     Reading CSV ENOEN_SDEMT222.csv
2026-06-18 12:24:22,408 INFO   [2022 Q2] scian==12 filter applied (SCIAN 54, exact PSTS)
2026-06-18 12:24:23,459 INFO   Fetching 2022 Q3
2026-06-18 12:24:23,459 INFO   GET https://www.inegi.org.mx/contenidos/programas/enoe/15ymas/microdatos/enoe_n_2022_trim3_csv.zip
2026-06-18 12:24:44,946 INFO     → 29.6 MB
2026-06-18 12:24:44,946 INFO     Reading CSV ENOEN_SDEMT322.csv
2026-06-18 12:24:49,219 INFO   [2022 Q3] scian==12 filter applied (SCIAN 54, exact PSTS)
2026-06-18 12:24:50,210 INFO   Fetching 2022 Q4
2026-06-18 12:24:50,210 INFO   GET https://www.inegi.org.mx/contenidos/programas/enoe/15ymas/microdatos/enoe_n_2022_trim4_csv.zip
2026-06-18 12:25:10,778 INFO     → 29.7 MB
2026-06-18 12:25:10,778 INFO     Reading CSV ENOEN_SDEMT422.csv
2026-06-18 12:25:15,026 INFO   [2022 Q4] scian==12 filter applied (SCIAN 54, exact PSTS)
2026-06-18 12:25:16,023 INFO === Year 2023 ===
2026-06-18 12:25:16,024 INFO   Fetching 2023 Q1
2026-06-18 12:25:16,024 INFO   GET https://www.inegi.org.mx/contenidos/programas/enoe/15ymas/microdatos/enoe_2023_trim1_csv.zip
2026-06-18 12:25:42,150 INFO     → 37.5 MB
2026-06-18 12:25:42,151 INFO     Reading CSV ENOE_SDEMT123.csv
2026-06-18 12:25:47,223 INFO   [2023 Q1] scian==12 filter applied (SCIAN 54, exact PSTS)
2026-06-18 12:25:48,361 INFO   Fetching 2023 Q2
2026-06-18 12:25:48,361 INFO   GET https://www.inegi.org.mx/contenidos/programas/enoe/15ymas/microdatos/enoe_2023_trim2_csv.zip
2026-06-18 12:26:15,588 INFO     → 39.5 MB
2026-06-18 12:26:15,588 INFO     Reading CSV ENOE_SDEMT223.csv
2026-06-18 12:26:19,496 INFO   [2023 Q2] scian==12 filter applied (SCIAN 54, exact PSTS)
2026-06-18 12:26:20,510 INFO   Fetching 2023 Q3
2026-06-18 12:26:20,510 INFO   GET https://www.inegi.org.mx/contenidos/programas/enoe/15ymas/microdatos/enoe_2023_trim3_csv.zip
2026-06-18 12:26:48,706 INFO     → 40.9 MB
2026-06-18 12:26:48,706 INFO     Reading CSV ENOE_SDEMT323.csv
2026-06-18 12:26:52,612 INFO   [2023 Q3] scian==12 filter applied (SCIAN 54, exact PSTS)
2026-06-18 12:26:53,645 INFO   Fetching 2023 Q4
2026-06-18 12:26:53,645 INFO   GET https://www.inegi.org.mx/contenidos/programas/enoe/15ymas/microdatos/enoe_2023_trim4_csv.zip
2026-06-18 12:27:22,335 INFO     → 40.7 MB
2026-06-18 12:27:22,335 INFO     Reading CSV ENOE_SDEMT423.csv
2026-06-18 12:27:26,219 INFO   [2023 Q4] scian==12 filter applied (SCIAN 54, exact PSTS)
2026-06-18 12:27:27,257 INFO === Year 2024 ===
2026-06-18 12:27:27,257 INFO   Fetching 2024 Q1
2026-06-18 12:27:27,257 INFO   GET https://www.inegi.org.mx/contenidos/programas/enoe/15ymas/microdatos/enoe_2024_trim1_csv.zip
2026-06-18 12:27:52,948 INFO     → 37.0 MB
2026-06-18 12:27:52,948 INFO     Reading CSV ENOE_SDEMT124.csv
2026-06-18 12:27:57,052 INFO   [2024 Q1] scian==12 filter applied (SCIAN 54, exact PSTS)
2026-06-18 12:27:58,147 INFO   Fetching 2024 Q2
2026-06-18 12:27:58,147 INFO   GET https://www.inegi.org.mx/contenidos/programas/enoe/15ymas/microdatos/enoe_2024_trim2_csv.zip
2026-06-18 12:28:20,127 INFO     → 31.8 MB
2026-06-18 12:28:20,128 INFO     Reading CSV ENOE_SDEMT224.csv
2026-06-18 12:28:24,027 INFO   [2024 Q2] scian==12 filter applied (SCIAN 54, exact PSTS)
2026-06-18 12:28:25,068 INFO   Fetching 2024 Q3
2026-06-18 12:28:25,069 INFO   GET https://www.inegi.org.mx/contenidos/programas/enoe/15ymas/microdatos/enoe_2024_trim3_csv.zip
2026-06-18 12:28:54,966 INFO     → 43.3 MB
2026-06-18 12:28:54,966 INFO     Reading CSV ENOE_SDEMT324.csv
2026-06-18 12:28:59,199 INFO   [2024 Q3] scian==12 filter applied (SCIAN 54, exact PSTS)
2026-06-18 12:29:00,296 INFO   Fetching 2024 Q4
2026-06-18 12:29:00,296 INFO   GET https://www.inegi.org.mx/contenidos/programas/enoe/15ymas/microdatos/enoe_2024_trim4_csv.zip
2026-06-18 12:29:30,245 INFO     → 43.4 MB
2026-06-18 12:29:30,246 INFO     Reading CSV ENOE_SDEMT424.csv
2026-06-18 12:29:34,362 INFO   [2024 Q4] scian==12 filter applied (SCIAN 54, exact PSTS)
2026-06-18 12:29:35,551 INFO Saved 704 rows → mexico_data\aggregatedData.csv
2026-06-18 12:29:35,554 INFO Validation report: mexico_data\data_validation_report.md
2026-06-18 12:29:35,554 INFO Done.
